[2020-10-26 17:16:31] production.DEBUG: select * from information_schema.tables where table_schema = ? and table_name = ? and table_type = 'BASE TABLE' {"params":["game","migrations"],"time":335.77} 
[2020-10-26 17:16:31] production.DEBUG: create table `migrations` (`id` int unsigned not null auto_increment primary key, `migration` varchar(255) not null, `batch` int not null) default character set utf8 collate 'utf8_unicode_ci' engine = InnoDB {"params":[],"time":390.0} 
[2020-10-26 17:16:31] production.DEBUG: select `migration` from `migrations` order by `batch` asc, `migration` asc {"params":[],"time":2.19} 
[2020-10-26 17:16:32] production.DEBUG: select max(`batch`) as aggregate from `migrations` {"params":[],"time":0.99} 
[2020-10-26 17:16:32] production.DEBUG: create table `users` (`id` bigint unsigned not null auto_increment primary key, `referrer_id` bigint unsigned null, `name` varchar(100) not null, `email` varchar(255) not null, `role` tinyint unsigned not null, `status` tinyint unsigned not null, `avatar` varchar(100) null, `password` varchar(255) not null, `remember_token` varchar(100) null, `totp_secret` varchar(300) null, `last_login_from` varchar(45) null, `last_login_at` datetime null, `email_verified_at` timestamp null, `created_at` timestamp null, `updated_at` timestamp null) default character set utf8 collate 'utf8_unicode_ci' engine = InnoDB {"params":[],"time":296.32} 
[2020-10-26 17:16:32] production.DEBUG: alter table `users` add index `users_role_index`(`role`) {"params":[],"time":253.93} 
[2020-10-26 17:16:33] production.DEBUG: alter table `users` add index `users_status_index`(`status`) {"params":[],"time":342.73} 
[2020-10-26 17:16:33] production.DEBUG: alter table `users` add constraint `users_referrer_id_foreign` foreign key (`referrer_id`) references `users` (`id`) on delete cascade on update cascade {"params":[],"time":684.29} 
[2020-10-26 17:16:34] production.DEBUG: alter table `users` add unique `users_name_unique`(`name`) {"params":[],"time":141.17} 
[2020-10-26 17:16:34] production.DEBUG: alter table `users` add unique `users_email_unique`(`email`) {"params":[],"time":561.43} 
[2020-10-26 17:16:34] production.DEBUG: insert into `migrations` (`migration`, `batch`) values (?, ?) {"params":["2014_10_12_000000_create_users_table",1],"time":34.24} 
[2020-10-26 17:16:34] production.DEBUG: create table `password_resets` (`email` varchar(255) not null, `token` varchar(255) not null, `created_at` timestamp null) default character set utf8 collate 'utf8_unicode_ci' engine = InnoDB {"params":[],"time":137.37} 
[2020-10-26 17:16:35] production.DEBUG: alter table `password_resets` add index `password_resets_email_index`(`email`) {"params":[],"time":192.17} 
[2020-10-26 17:16:35] production.DEBUG: insert into `migrations` (`migration`, `batch`) values (?, ?) {"params":["2014_10_12_100000_create_password_resets_table",1],"time":101.57} 
[2020-10-26 17:16:35] production.DEBUG: create table `social_profiles` (`id` bigint unsigned not null auto_increment primary key, `user_id` bigint unsigned not null, `provider_name` varchar(50) not null, `provider_user_id` varchar(255) not null, `created_at` timestamp null, `updated_at` timestamp null) default character set utf8 collate 'utf8_unicode_ci' engine = InnoDB {"params":[],"time":365.66} 
[2020-10-26 17:16:36] production.DEBUG: alter table `social_profiles` add constraint `social_profiles_user_id_foreign` foreign key (`user_id`) references `users` (`id`) on delete cascade on update cascade {"params":[],"time":646.19} 
[2020-10-26 17:16:36] production.DEBUG: alter table `social_profiles` add unique `social_profiles_provider_name_provider_user_id_unique`(`provider_name`, `provider_user_id`) {"params":[],"time":406.57} 
[2020-10-26 17:16:36] production.DEBUG: insert into `migrations` (`migration`, `batch`) values (?, ?) {"params":["2019_10_03_100000_create_social_profiles_table",1],"time":34.3} 
[2020-10-26 17:16:36] production.DEBUG: create table `accounts` (`id` bigint unsigned not null auto_increment primary key, `user_id` bigint unsigned not null, `balance` decimal(20, 2) not null default '0', `created_at` timestamp null, `updated_at` timestamp null) default character set utf8 collate 'utf8_unicode_ci' engine = InnoDB {"params":[],"time":167.1} 
[2020-10-26 17:16:38] production.DEBUG: alter table `accounts` add constraint `accounts_user_id_foreign` foreign key (`user_id`) references `users` (`id`) on delete cascade on update cascade {"params":[],"time":1052.37} 
[2020-10-26 17:16:38] production.DEBUG: insert into `migrations` (`migration`, `batch`) values (?, ?) {"params":["2019_11_01_000000_create_accounts_table",1],"time":91.72} 
[2020-10-26 17:16:38] production.DEBUG: create table `account_transactions` (`id` bigint unsigned not null auto_increment primary key, `account_id` bigint unsigned not null, `amount` decimal(20, 2) not null, `balance` decimal(20, 2) not null, `transactionable_type` varchar(255) not null, `transactionable_id` bigint unsigned not null, `created_at` timestamp null, `updated_at` timestamp null) default character set utf8 collate 'utf8_unicode_ci' engine = InnoDB {"params":[],"time":476.71} 
[2020-10-26 17:16:38] production.DEBUG: alter table `account_transactions` add index `account_transactions_morph`(`transactionable_type`, `transactionable_id`) {"params":[],"time":202.56} 
[2020-10-26 17:16:40] production.DEBUG: alter table `account_transactions` add constraint `account_transactions_account_id_foreign` foreign key (`account_id`) references `accounts` (`id`) on delete cascade on update cascade {"params":[],"time":1349.18} 
[2020-10-26 17:16:40] production.DEBUG: insert into `migrations` (`migration`, `batch`) values (?, ?) {"params":["2019_11_01_000001_create_account_transactions_table",1],"time":35.95} 
[2020-10-26 17:16:40] production.DEBUG: create table `generic_account_transactions` (`id` bigint unsigned not null auto_increment primary key, `account_id` bigint unsigned not null, `type` mediumint unsigned not null, `amount` decimal(20, 2) not null, `created_at` timestamp null, `updated_at` timestamp null) default character set utf8 collate 'utf8_unicode_ci' engine = InnoDB {"params":[],"time":299.39} 
[2020-10-26 17:16:40] production.DEBUG: alter table `generic_account_transactions` add index `generic_account_transactions_type_index`(`type`) {"params":[],"time":127.08} 
[2020-10-26 17:16:41] production.DEBUG: alter table `generic_account_transactions` add constraint `generic_account_transactions_account_id_foreign` foreign key (`account_id`) references `accounts` (`id`) on delete cascade on update cascade {"params":[],"time":1056.96} 
[2020-10-26 17:16:41] production.DEBUG: insert into `migrations` (`migration`, `batch`) values (?, ?) {"params":["2019_11_01_000002_create_generic_account_transactions_table",1],"time":45.79} 
[2020-10-26 17:16:42] production.DEBUG: create table `provably_fair_games` (`id` bigint unsigned not null auto_increment primary key, `secret` varchar(500) not null, `server_seed` varchar(32) not null, `hash` varchar(64) not null, `client_seed` varchar(32) not null, `gameable_type` varchar(255) not null, `created_at` timestamp null, `updated_at` timestamp null) default character set utf8 collate 'utf8_unicode_ci' engine = InnoDB {"params":[],"time":181.46} 
[2020-10-26 17:16:42] production.DEBUG: alter table `provably_fair_games` add unique `provably_fair_games_hash_gameable_type_unique`(`hash`, `gameable_type`) {"params":[],"time":146.58} 
[2020-10-26 17:16:42] production.DEBUG: alter table `provably_fair_games` add index `provably_fair_games_created_at_index`(`created_at`) {"params":[],"time":141.67} 
[2020-10-26 17:16:42] production.DEBUG: insert into `migrations` (`migration`, `batch`) values (?, ?) {"params":["2019_11_02_000000_create_provably_fair_games_table",1],"time":26.11} 
[2020-10-26 17:16:42] production.DEBUG: create table `games` (`id` bigint unsigned not null auto_increment primary key, `account_id` bigint unsigned not null, `provably_fair_game_id` bigint unsigned not null, `gameable_type` varchar(255) not null, `gameable_id` bigint unsigned not null, `bet` decimal(16, 2) not null, `win` decimal(16, 2) not null, `status` tinyint not null, `created_at` timestamp null, `updated_at` timestamp null) default character set utf8 collate 'utf8_unicode_ci' engine = InnoDB {"params":[],"time":398.7} 
[2020-10-26 17:16:43] production.DEBUG: alter table `games` add index `game_morph`(`gameable_type`, `gameable_id`) {"params":[],"time":194.53} 
[2020-10-26 17:16:43] production.DEBUG: alter table `games` add index `games_status_index`(`status`) {"params":[],"time":482.5} 
[2020-10-26 17:16:43] production.DEBUG: alter table `games` add index `games_win_index`(`win`) {"params":[],"time":196.27} 
[2020-10-26 17:16:44] production.DEBUG: alter table `games` add index `games_created_at_index`(`created_at`) {"params":[],"time":137.98} 
[2020-10-26 17:16:45] production.DEBUG: alter table `games` add constraint `games_account_id_foreign` foreign key (`account_id`) references `accounts` (`id`) on delete cascade on update cascade {"params":[],"time":1357.91} 
[2020-10-26 17:16:46] production.DEBUG: alter table `games` add constraint `games_provably_fair_game_id_foreign` foreign key (`provably_fair_game_id`) references `provably_fair_games` (`id`) on delete cascade on update cascade {"params":[],"time":1193.23} 
[2020-10-26 17:16:46] production.DEBUG: insert into `migrations` (`migration`, `batch`) values (?, ?) {"params":["2019_11_02_000001_create_games_table",1],"time":44.11} 
[2020-10-26 17:16:47] production.DEBUG: create table `games_baccarat` (`id` bigint unsigned not null auto_increment primary key, `deck` varchar(280) not null, `bet_type` tinyint unsigned not null, `player_hand` varchar(30) not null, `player_score` tinyint unsigned not null, `banker_hand` varchar(30) not null, `banker_score` tinyint unsigned not null, `created_at` timestamp null, `updated_at` timestamp null) default character set utf8 collate 'utf8_unicode_ci' engine = InnoDB {"params":[],"time":1022.22} 
[2020-10-26 17:16:47] production.DEBUG: insert into `migrations` (`migration`, `batch`) values (?, ?) {"params":["2019_11_03_000000_create_games_baccarat_table",1],"time":91.27} 
[2020-10-26 17:16:48] production.DEBUG: create table `bonuses` (`id` bigint unsigned not null auto_increment primary key, `account_id` bigint unsigned not null, `type` tinyint unsigned not null, `amount` decimal(20, 2) not null, `created_at` timestamp null, `updated_at` timestamp null) default character set utf8 collate 'utf8_unicode_ci' engine = InnoDB {"params":[],"time":166.95} 
[2020-10-26 17:16:49] production.DEBUG: alter table `bonuses` add constraint `bonuses_account_id_foreign` foreign key (`account_id`) references `accounts` (`id`) on delete cascade on update cascade {"params":[],"time":1787.08} 
[2020-10-26 17:16:49] production.DEBUG: insert into `migrations` (`migration`, `batch`) values (?, ?) {"params":["2019_12_01_000000_create_bonuses_table",1],"time":27.1} 
[2020-10-26 17:16:50] production.DEBUG: create table `personal_access_tokens` (`id` bigint unsigned not null auto_increment primary key, `tokenable_type` varchar(255) not null, `tokenable_id` bigint unsigned not null, `name` varchar(255) not null, `token` varchar(64) not null, `abilities` text null, `last_used_at` timestamp null, `created_at` timestamp null, `updated_at` timestamp null) default character set utf8 collate 'utf8_unicode_ci' engine = InnoDB {"params":[],"time":266.64} 
[2020-10-26 17:16:50] production.DEBUG: alter table `personal_access_tokens` add index `personal_access_tokens_tokenable_type_tokenable_id_index`(`tokenable_type`, `tokenable_id`) {"params":[],"time":155.49} 
[2020-10-26 17:16:50] production.DEBUG: alter table `personal_access_tokens` add unique `personal_access_tokens_token_unique`(`token`) {"params":[],"time":490.56} 
[2020-10-26 17:16:50] production.DEBUG: insert into `migrations` (`migration`, `batch`) values (?, ?) {"params":["2019_12_14_000001_create_personal_access_tokens_table",1],"time":42.83} 
[2020-10-26 17:16:51] production.DEBUG: create table `affiliate_commissions` (`id` bigint unsigned not null auto_increment primary key, `account_id` bigint unsigned not null, `referral_account_id` bigint unsigned not null, `tier` tinyint unsigned not null, `type` tinyint unsigned not null, `status` tinyint unsigned not null, `amount` decimal(20, 2) not null, `commissionable_type` varchar(255) not null, `commissionable_id` bigint unsigned not null, `ip` varchar(45) not null, `created_at` timestamp null, `updated_at` timestamp null) default character set utf8 collate 'utf8_unicode_ci' engine = InnoDB {"params":[],"time":301.37} 
[2020-10-26 17:16:51] production.DEBUG: alter table `affiliate_commissions` add index `affiliate_commission_morph`(`commissionable_type`, `commissionable_id`) {"params":[],"time":241.8} 
[2020-10-26 17:16:52] production.DEBUG: alter table `affiliate_commissions` add constraint `affiliate_commissions_account_id_foreign` foreign key (`account_id`) references `accounts` (`id`) on delete cascade on update cascade {"params":[],"time":1267.66} 
[2020-10-26 17:16:54] production.DEBUG: alter table `affiliate_commissions` add constraint `affiliate_commissions_referral_account_id_foreign` foreign key (`referral_account_id`) references `accounts` (`id`) on delete cascade on update cascade {"params":[],"time":1532.86} 
[2020-10-26 17:16:54] production.DEBUG: insert into `migrations` (`migration`, `batch`) values (?, ?) {"params":["2020_01_01_000000_create_affiliate_commissions_table",1],"time":125.09} 
[2020-10-26 17:16:54] production.DEBUG: create table `chat_rooms` (`id` bigint unsigned not null auto_increment primary key, `name` varchar(50) not null, `enabled` tinyint(1) not null default '1', `created_at` timestamp null, `updated_at` timestamp null) default character set utf8 collate 'utf8_unicode_ci' engine = InnoDB {"params":[],"time":415.87} 
[2020-10-26 17:16:55] production.DEBUG: alter table `chat_rooms` add index `chat_rooms_enabled_index`(`enabled`) {"params":[],"time":501.74} 
[2020-10-26 17:16:55] production.DEBUG: insert into `migrations` (`migration`, `batch`) values (?, ?) {"params":["2020_01_20_000000_create_chat_rooms_table",1],"time":55.05} 
[2020-10-26 17:16:55] production.DEBUG: create table `chat_messages` (`id` bigint unsigned not null auto_increment primary key, `room_id` bigint unsigned not null, `user_id` bigint unsigned not null, `message` text not null, `created_at` timestamp null, `updated_at` timestamp null) default character set utf8 collate 'utf8_unicode_ci' engine = InnoDB {"params":[],"time":390.06} 
[2020-10-26 17:16:57] production.DEBUG: alter table `chat_messages` add constraint `chat_messages_room_id_foreign` foreign key (`room_id`) references `chat_rooms` (`id`) on delete cascade on update cascade {"params":[],"time":1352.39} 
[2020-10-26 17:16:58] production.DEBUG: alter table `chat_messages` add constraint `chat_messages_user_id_foreign` foreign key (`user_id`) references `users` (`id`) on delete cascade on update cascade {"params":[],"time":1255.58} 
[2020-10-26 17:16:58] production.DEBUG: insert into `migrations` (`migration`, `batch`) values (?, ?) {"params":["2020_01_20_000010_create_chat_messages_table",1],"time":43.93} 
[2020-10-26 17:16:58] production.DEBUG: create table `chat_message_recipients` (`id` bigint unsigned not null auto_increment primary key, `message_id` bigint unsigned not null, `user_id` bigint unsigned not null, `created_at` timestamp null, `updated_at` timestamp null) default character set utf8 collate 'utf8_unicode_ci' engine = InnoDB {"params":[],"time":155.81} 
[2020-10-26 17:17:00] production.DEBUG: alter table `chat_message_recipients` add constraint `chat_message_recipients_message_id_foreign` foreign key (`message_id`) references `chat_messages` (`id`) on delete cascade on update cascade {"params":[],"time":1209.62} 
[2020-10-26 17:17:01] production.DEBUG: alter table `chat_message_recipients` add constraint `chat_message_recipients_user_id_foreign` foreign key (`user_id`) references `users` (`id`) on delete cascade on update cascade {"params":[],"time":1447.75} 
[2020-10-26 17:17:02] production.DEBUG: alter table `chat_message_recipients` add unique `chat_message_recipients_message_id_user_id_unique`(`message_id`, `user_id`) {"params":[],"time":689.13} 
[2020-10-26 17:17:02] production.DEBUG: insert into `migrations` (`migration`, `batch`) values (?, ?) {"params":["2020_01_20_000020_create_chat_message_recipients",1],"time":154.92} 
[2020-10-26 17:17:02] production.DEBUG: alter table `users` add `banned_from_chat` tinyint(1) not null default '0' after `status` {"params":[],"time":268.65} 
[2020-10-26 17:17:02] production.DEBUG: insert into `migrations` (`migration`, `batch`) values (?, ?) {"params":["2020_01_22_063133_alter_users_table_add_banned_from_chat",1],"time":32.5} 
[2020-10-26 17:17:03] production.DEBUG: create table `game_rooms` (`id` bigint unsigned not null auto_increment primary key, `user_id` bigint unsigned not null, `name` varchar(50) not null, `gameable_type` varchar(255) not null, `status` tinyint unsigned not null, `parameters` text not null, `created_at` timestamp null, `updated_at` timestamp null) default character set utf8 collate 'utf8_unicode_ci' engine = InnoDB {"params":[],"time":174.5} 
[2020-10-26 17:17:04] production.DEBUG: alter table `game_rooms` add constraint `game_rooms_user_id_foreign` foreign key (`user_id`) references `users` (`id`) on delete cascade on update cascade {"params":[],"time":1009.59} 
[2020-10-26 17:17:04] production.DEBUG: alter table `game_rooms` add index `game_rooms_gameable_type_status_index`(`gameable_type`, `status`) {"params":[],"time":213.92} 
[2020-10-26 17:17:04] production.DEBUG: insert into `migrations` (`migration`, `batch`) values (?, ?) {"params":["2020_04_20_000001_create_game_rooms_table",1],"time":151.31} 
[2020-10-26 17:17:04] production.DEBUG: create table `game_room_players` (`id` bigint unsigned not null auto_increment primary key, `game_room_id` bigint unsigned not null, `user_id` bigint unsigned not null, `game_id` bigint unsigned null, `created_at` timestamp null, `updated_at` timestamp null) default character set utf8 collate 'utf8_unicode_ci' engine = InnoDB {"params":[],"time":207.58} 
[2020-10-26 17:17:06] production.DEBUG: alter table `game_room_players` add constraint `game_room_players_game_room_id_foreign` foreign key (`game_room_id`) references `game_rooms` (`id`) on delete cascade on update cascade {"params":[],"time":1695.51} 
[2020-10-26 17:17:07] production.DEBUG: alter table `game_room_players` add constraint `game_room_players_user_id_foreign` foreign key (`user_id`) references `users` (`id`) on delete cascade on update cascade {"params":[],"time":1198.48} 
[2020-10-26 17:17:08] production.DEBUG: alter table `game_room_players` add constraint `game_room_players_game_id_foreign` foreign key (`game_id`) references `games` (`id`) on delete cascade on update cascade {"params":[],"time":873.8} 
[2020-10-26 17:17:08] production.DEBUG: alter table `game_room_players` add unique `game_room_players_game_room_id_user_id_unique`(`game_room_id`, `user_id`) {"params":[],"time":201.56} 
[2020-10-26 17:17:08] production.DEBUG: insert into `migrations` (`migration`, `batch`) values (?, ?) {"params":["2020_04_20_000010_create_game_room_players_table",1],"time":27.14} 
[2020-10-26 17:17:08] production.DEBUG: alter table `users` add `hide_profit` tinyint(1) not null default '0' after `status` {"params":[],"time":68.15} 
[2020-10-26 17:17:08] production.DEBUG: insert into `migrations` (`migration`, `batch`) values (?, ?) {"params":["2020_06_24_064200_alter_users_table_add_hide_profit",1],"time":21.15} 
[2020-10-26 17:18:04] production.DEBUG: select * from `games` where `games`.`status` = ? order by `created_at` desc limit 10 {"params":[1],"time":66.93} 
[2020-10-26 18:26:11] production.DEBUG: select * from `games` where `games`.`status` = ? order by `created_at` desc limit 10 {"params":[1],"time":35.47} 
[2020-10-26 18:26:15] production.DEBUG: select * from `games` where `games`.`status` = ? order by `created_at` desc limit 10 {"params":[1],"time":17.54} 
[2020-10-26 18:26:18] production.DEBUG: select * from `games` where `games`.`status` = ? order by `created_at` desc limit 10 {"params":[1],"time":44.99} 
[2020-10-26 18:27:10] production.DEBUG: select * from `games` where `games`.`status` = ? order by `created_at` desc limit 10 {"params":[1],"time":30.56} 
[2020-10-26 18:27:31] production.DEBUG: select * from `games` where `games`.`status` = ? order by `created_at` desc limit 10 {"params":[1],"time":11.69} 
[2020-10-26 18:27:39] production.DEBUG: select * from `games` where `games`.`status` = ? order by `created_at` desc limit 10 {"params":[1],"time":28.54} 
[2020-10-26 18:36:58] production.DEBUG: select * from `games` where `games`.`status` = ? order by `created_at` desc limit 10 {"params":[1],"time":22.86} 
[2020-10-26 18:46:35] production.DEBUG: select * from `games` where `games`.`status` = ? order by `created_at` desc limit 10 {"params":[1],"time":38.76} 
[2020-10-26 18:50:52] production.DEBUG: select * from `games` where `games`.`status` = ? order by `created_at` desc limit 10 {"params":[1],"time":29.15} 
[2020-10-26 18:51:12] production.DEBUG: select * from `games` where `games`.`status` = ? order by `created_at` desc limit 10 {"params":[1],"time":8.76} 
[2020-10-26 22:28:00] production.DEBUG: select * from `games` where `games`.`status` = ? order by `created_at` desc limit 10 {"params":[1],"time":198.71} 
[2020-10-26 22:28:39] production.DEBUG: select * from `games` where `games`.`status` = ? order by `created_at` desc limit 10 {"params":[1],"time":7.45} 
[2020-10-26 22:29:18] production.DEBUG: select * from `games` where `games`.`status` = ? order by `created_at` desc limit 10 {"params":[1],"time":18.8} 
[2020-10-26 22:35:16] production.DEBUG: select * from `games` where `games`.`status` = ? order by `created_at` desc limit 10 {"params":[1],"time":116.16} 
[2020-10-26 22:51:12] production.DEBUG: select * from `games` where `games`.`status` = ? order by `created_at` desc limit 10 {"params":[1],"time":44.49} 
[2020-10-26 22:55:02] production.DEBUG: select * from `games` where `games`.`status` = ? order by `created_at` desc limit 10 {"params":[1],"time":56.79} 
[2020-10-26 22:58:35] production.DEBUG: select * from `games` where `games`.`status` = ? order by `created_at` desc limit 10 {"params":[1],"time":18.91} 
[2020-10-26 23:02:28] production.DEBUG: select * from `games` where `games`.`status` = ? order by `created_at` desc limit 10 {"params":[1],"time":21.8} 
[2020-10-26 23:07:25] production.DEBUG: select * from `games` where `games`.`status` = ? order by `created_at` desc limit 10 {"params":[1],"time":33.01} 
[2020-10-26 23:08:57] production.DEBUG: select * from `games` where `games`.`status` = ? order by `created_at` desc limit 10 {"params":[1],"time":25.79} 
[2020-10-26 23:34:54] production.DEBUG: select * from `games` where `games`.`status` = ? order by `created_at` desc limit 10 {"params":[1],"time":9.82} 
[2020-10-26 23:36:42] production.DEBUG: select * from `games` where `games`.`status` = ? order by `created_at` desc limit 10 {"params":[1],"time":41.6} 
